<?xml version="1.0" encoding="UTF-8"?>
<!-- Generated by org.testng.reporters.JUnitReportReporter -->
<testsuite skipped="2" hostname="DESKTOP-3GE5BO6" name="com.training.sanity.tests.LoginTests" tests="5" failures="0" timestamp="20 May 2020 03:30:07 GMT" time="101.240" errors="0">
  <testcase name="validLoginTest5" time="28.955" classname="com.training.sanity.tests.LoginTests"/>
  <testcase name="validLoginTest4" time="39.451" classname="com.training.sanity.tests.LoginTests"/>
  <testcase name="validLoginTest3" time="32.834" classname="com.training.sanity.tests.LoginTests"/>
  <testcase name="validLoginTest1" classname="com.training.sanity.tests.LoginTests">
    <skipped/>
  </testcase> <!-- validLoginTest1 -->
  <testcase name="validLoginTest" classname="com.training.sanity.tests.LoginTests">
    <skipped/>
  </testcase> <!-- validLoginTest -->
</testsuite> <!-- com.training.sanity.tests.LoginTests -->
