<?xml version="1.0" encoding="UTF-8"?>
<!-- Generated by org.testng.reporters.JUnitReportReporter -->
<testsuite skipped="2" hostname="DESKTOP-3GE5BO6" name="com.training.regression.tests.LoginExcelTest" tests="6" failures="0" timestamp="22 May 2020 18:40:54 GMT" time="179.008" errors="0">
  <testcase name="choseProduct" time="42.880" classname="com.training.regression.tests.LoginExcelTest"/>
  <testcase name="choseProduct" time="46.575" classname="com.training.regression.tests.LoginExcelTest"/>
  <testcase name="choseProduct" time="44.501" classname="com.training.regression.tests.LoginExcelTest"/>
  <testcase name="choseProduct" time="45.052" classname="com.training.regression.tests.LoginExcelTest"/>
  <testcase name="loginTest" classname="com.training.regression.tests.LoginExcelTest">
    <skipped/>
  </testcase> <!-- loginTest -->
  <testcase name="choseProduct" classname="com.training.regression.tests.LoginExcelTest">
    <skipped/>
  </testcase> <!-- choseProduct -->
</testsuite> <!-- com.training.regression.tests.LoginExcelTest -->
