<?xml version="1.0" encoding="UTF-8"?>
<!-- Generated by org.testng.reporters.JUnitReportReporter -->
<testsuite skipped="0" hostname="DESKTOP-3GE5BO6" name="com.training.regression.tests.LoginDBTest" tests="1" failures="0" timestamp="21 May 2020 13:21:46 GMT" time="46.658" errors="0">
  <testcase name="loginDBTest" time="46.658" classname="com.training.regression.tests.LoginDBTest"/>
</testsuite> <!-- com.training.regression.tests.LoginDBTest -->
